Determining if the pthread_create exist failed with the following output:
Change Dir: /home/penultimo/Projects/Facultate/FC/fractali-opencl/CMakeFiles/CMakeTmp

Run Build Command:"/usr/bin/make" "cmTC_19a84/fast"
/usr/bin/make -f CMakeFiles/cmTC_19a84.dir/build.make CMakeFiles/cmTC_19a84.dir/build
make[1]: Entering directory '/home/penultimo/Projects/Facultate/FC/fractali-opencl/CMakeFiles/CMakeTmp'
Building C object CMakeFiles/cmTC_19a84.dir/CheckSymbolExists.c.o
/usr/bin/clang     -o CMakeFiles/cmTC_19a84.dir/CheckSymbolExists.c.o   -c /home/penultimo/Projects/Facultate/FC/fractali-opencl/CMakeFiles/CMakeTmp/CheckSymbolExists.c
Linking C executable cmTC_19a84
/usr/bin/cmake -E cmake_link_script CMakeFiles/cmTC_19a84.dir/link.txt --verbose=1
/usr/bin/clang       CMakeFiles/cmTC_19a84.dir/CheckSymbolExists.c.o  -o cmTC_19a84 -rdynamic 
CMakeFiles/cmTC_19a84.dir/CheckSymbolExists.c.o: In function `main':
/home/penultimo/Projects/Facultate/FC/fractali-opencl/CMakeFiles/CMakeTmp/CheckSymbolExists.c:(.text+0x19): undefined reference to `pthread_create'
clang-3.7: error: linker command failed with exit code 1 (use -v to see invocation)
CMakeFiles/cmTC_19a84.dir/build.make:97: recipe for target 'cmTC_19a84' failed
make[1]: *** [cmTC_19a84] Error 1
make[1]: Leaving directory '/home/penultimo/Projects/Facultate/FC/fractali-opencl/CMakeFiles/CMakeTmp'
Makefile:126: recipe for target 'cmTC_19a84/fast' failed
make: *** [cmTC_19a84/fast] Error 2

File /home/penultimo/Projects/Facultate/FC/fractali-opencl/CMakeFiles/CMakeTmp/CheckSymbolExists.c:
/* */
#include <pthread.h>

int main(int argc, char** argv)
{
  (void)argv;
#ifndef pthread_create
  return ((int*)(&pthread_create))[argc];
#else
  (void)argc;
  return 0;
#endif
}

Determining if the function pthread_create exists in the pthreads failed with the following output:
Change Dir: /home/penultimo/Projects/Facultate/FC/fractali-opencl/CMakeFiles/CMakeTmp

Run Build Command:"/usr/bin/make" "cmTC_79c2b/fast"
/usr/bin/make -f CMakeFiles/cmTC_79c2b.dir/build.make CMakeFiles/cmTC_79c2b.dir/build
make[1]: Entering directory '/home/penultimo/Projects/Facultate/FC/fractali-opencl/CMakeFiles/CMakeTmp'
Building C object CMakeFiles/cmTC_79c2b.dir/CheckFunctionExists.c.o
/usr/bin/clang    -DCHECK_FUNCTION_EXISTS=pthread_create   -o CMakeFiles/cmTC_79c2b.dir/CheckFunctionExists.c.o   -c /usr/share/cmake-3.5/Modules/CheckFunctionExists.c
Linking C executable cmTC_79c2b
/usr/bin/cmake -E cmake_link_script CMakeFiles/cmTC_79c2b.dir/link.txt --verbose=1
/usr/bin/clang   -DCHECK_FUNCTION_EXISTS=pthread_create    CMakeFiles/cmTC_79c2b.dir/CheckFunctionExists.c.o  -o cmTC_79c2b -rdynamic -lpthreads 
/usr/bin/ld: cannot find -lpthreads
clang-3.7: error: linker command failed with exit code 1 (use -v to see invocation)
CMakeFiles/cmTC_79c2b.dir/build.make:97: recipe for target 'cmTC_79c2b' failed
make[1]: *** [cmTC_79c2b] Error 1
make[1]: Leaving directory '/home/penultimo/Projects/Facultate/FC/fractali-opencl/CMakeFiles/CMakeTmp'
Makefile:126: recipe for target 'cmTC_79c2b/fast' failed
make: *** [cmTC_79c2b/fast] Error 2


